2025-06-07 13:10:46 [http-nio-8080-exec-3] DEBUG o.e.s.services.ClientService - Получение списка всех клиентов
2025-06-07 13:10:46 [http-nio-8080-exec-3] DEBUG o.e.s.services.ClientService - Найдено 1 клиентов
2025-06-07 13:10:47 [http-nio-8080-exec-10] DEBUG o.e.s.services.ClientService - Получение списка всех клиентов
2025-06-07 13:10:47 [http-nio-8080-exec-10] DEBUG o.e.s.services.ClientService - Найдено 1 клиентов
2025-06-07 13:10:54 [http-nio-8080-exec-5] DEBUG o.e.s.services.ClientService - Получение списка всех клиентов
2025-06-07 13:10:54 [http-nio-8080-exec-5] DEBUG o.e.s.services.ClientService - Найдено 1 клиентов
2025-06-07 13:10:55 [http-nio-8080-exec-7] DEBUG o.e.s.services.ClientService - Получение списка всех клиентов
2025-06-07 13:10:55 [http-nio-8080-exec-7] DEBUG o.e.s.services.ClientService - Найдено 1 клиентов
2025-06-07 13:12:59 [http-nio-8080-exec-5] DEBUG o.e.s.services.ClientService - Регистрация нового клиента с email: yroboros2020@gmail.com
2025-06-07 13:12:59 [http-nio-8080-exec-5] DEBUG o.e.s.services.ClientService - Проверка существования email: yroboros2020@gmail.com
2025-06-07 13:12:59 [http-nio-8080-exec-5] DEBUG o.e.s.services.ClientService - Email yroboros2020@gmail.com не существует
2025-06-07 13:13:00 [http-nio-8080-exec-5] INFO  o.e.s.services.ClientService - Успешно зарегистрирован новый клиент с ID: 8
2025-06-07 13:13:37 [http-nio-8080-exec-9] DEBUG o.e.s.services.ClientService - Поиск клиента по email: yroboros2020@mail.ru
2025-06-07 13:13:37 [http-nio-8080-exec-9] DEBUG o.e.s.services.ClientService - Клиент найден по email: yroboros2020@mail.ru
2025-06-07 13:13:37 [http-nio-8080-exec-9] DEBUG o.e.s.services.ClientService - Создание токена сброса пароля для клиента с ID: 7
2025-06-07 13:13:37 [http-nio-8080-exec-9] INFO  o.e.s.services.ClientService - Токен сброса пароля успешно создан для клиента с ID: 7
2025-06-07 13:13:59 [http-nio-8080-exec-3] DEBUG o.e.s.services.ClientService - Поиск клиента по токену сброса пароля: 339a53f5-6503-4e97-9ce9-262f63db82f5
2025-06-07 13:13:59 [http-nio-8080-exec-3] DEBUG o.e.s.services.ClientService - Найден клиент по токену сброса пароля
2025-06-07 13:13:59 [http-nio-8080-exec-3] DEBUG o.e.s.services.ClientService - Изменение пароля для клиента с ID: 7
2025-06-07 13:13:59 [http-nio-8080-exec-3] INFO  o.e.s.services.ClientService - Пароль успешно изменен для клиента с ID: 7
2025-06-07 13:16:00 [http-nio-8080-exec-1] DEBUG o.e.s.services.ClientService - Получение списка всех клиентов
2025-06-07 13:16:00 [http-nio-8080-exec-1] DEBUG o.e.s.services.ClientService - Найдено 2 клиентов
2025-06-07 13:16:00 [http-nio-8080-exec-10] DEBUG o.e.s.services.ClientService - Получение списка всех клиентов
2025-06-07 13:16:00 [http-nio-8080-exec-10] DEBUG o.e.s.services.ClientService - Найдено 2 клиентов
2025-06-07 13:16:07 [http-nio-8080-exec-3] DEBUG o.e.s.services.ClientService - Получение списка всех клиентов
2025-06-07 13:16:07 [http-nio-8080-exec-3] DEBUG o.e.s.services.ClientService - Найдено 2 клиентов
2025-06-07 13:16:07 [http-nio-8080-exec-1] DEBUG o.e.s.services.ClientService - Получение списка всех клиентов
2025-06-07 13:16:07 [http-nio-8080-exec-1] DEBUG o.e.s.services.ClientService - Найдено 2 клиентов
